<?xml version="1.0" encoding="UTF-8"?>
<testng-results skipped="0" failed="0" ignored="0" total="2" passed="2">
  <reporter-output>
  </reporter-output>
  <suite name="Default suite" duration-ms="99742" started-at="2021-01-01T19:53:26 IST" finished-at="2021-01-01T19:55:05 IST">
    <groups>
    </groups>
    <test name="Default test" duration-ms="99742" started-at="2021-01-01T19:53:26 IST" finished-at="2021-01-01T19:55:05 IST">
      <class name="testCases.HomePageQA">
        <test-method status="PASS" signature="beforeClass()[pri:0, instance:testCases.HomePageQA@6895a785]" name="beforeClass" is-config="true" duration-ms="8249" started-at="2021-01-01T19:53:26 IST" finished-at="2021-01-01T19:53:34 IST">
          <reporter-output>
          </reporter-output>
        </test-method> <!-- beforeClass -->
        <test-method status="PASS" signature="testingServiceNavigation(java.lang.String)[pri:0, instance:testCases.HomePageQA@6895a785]" name="testingServiceNavigation" duration-ms="46472" started-at="2021-01-01T19:53:34 IST" data-provider="testData" finished-at="2021-01-01T19:54:20 IST">
          <params>
            <param index="0">
              <value>
                <![CDATA[https://www.bing.com/]]>
              </value>
            </param>
          </params>
          <reporter-output>
          </reporter-output>
        </test-method> <!-- testingServiceNavigation -->
        <test-method status="PASS" signature="testingServiceNavigation(java.lang.String)[pri:0, instance:testCases.HomePageQA@6895a785]" name="testingServiceNavigation" duration-ms="44876" started-at="2021-01-01T19:54:20 IST" data-provider="testData" finished-at="2021-01-01T19:55:05 IST">
          <params>
            <param index="0">
              <value>
                <![CDATA[https://www.Google.com/]]>
              </value>
            </param>
          </params>
          <reporter-output>
          </reporter-output>
        </test-method> <!-- testingServiceNavigation -->
        <test-method status="PASS" signature="afterClass()[pri:0, instance:testCases.HomePageQA@6895a785]" name="afterClass" is-config="true" duration-ms="1" started-at="2021-01-01T19:55:05 IST" finished-at="2021-01-01T19:55:05 IST">
          <reporter-output>
          </reporter-output>
        </test-method> <!-- afterClass -->
      </class> <!-- testCases.HomePageQA -->
    </test> <!-- Default test -->
  </suite> <!-- Default suite -->
</testng-results>
